[
  {
    "uri": "/",
    "method": "CONNECT",
    "http_version": "HTTP/1.1",
    "headers": [
      [
        "Host",
        "example.com"
      ]
    ],
    "body": null
  },
  {
    "uri": {
      "start": {
        "index": 8,
        "line": 1,
        "column": 9
      },
      "end": {
        "index": 9,
        "line": 1,
        "column": 10
      }
    },
    "method": {
      "start": {
        "index": 0,
        "line": 1,
        "column": 1
      },
      "end": {
        "index": 7,
        "line": 1,
        "column": 8
      }
    },
    "http_version": {
      "start": {
        "index": 10,
        "line": 1,
        "column": 11
      },
      "end": {
        "index": 18,
        "line": 1,
        "column": 19
      }
    },
    "headers": [
      {
        "start": {
          "index": 20,
          "line": 2,
          "column": 1
        },
        "end": {
          "index": 37,
          "line": 2,
          "column": 18
        }
      }
    ],
    "body": null
  }
]
