[
  {
    "uri": "/",
    "method": "POST",
    "http_version": "HTTP/1.1",
    "headers": [
      [
        "Host",
        "example.com"
      ]
    ],
    "body": "body"
  },
  {
    "uri": {
      "start": {
        "index": 5,
        "line": 1,
        "column": 6
      },
      "end": {
        "index": 6,
        "line": 1,
        "column": 7
      }
    },
    "method": {
      "start": {
        "index": 0,
        "line": 1,
        "column": 1
      },
      "end": {
        "index": 4,
        "line": 1,
        "column": 5
      }
    },
    "http_version": {
      "start": {
        "index": 7,
        "line": 1,
        "column": 8
      },
      "end": {
        "index": 15,
        "line": 1,
        "column": 16
      }
    },
    "headers": [
      {
        "start": {
          "index": 17,
          "line": 2,
          "column": 1
        },
        "end": {
          "index": 34,
          "line": 2,
          "column": 18
        }
      }
    ],
    "body": {
      "start": {
        "index": 38,
        "line": 4,
        "column": 1
      },
      "end": {
        "index": 42,
        "line": 4,
        "column": 1
      }
    }
  }
]
