[
  {
    "uri": "/",
    "method": "TRACE",
    "http_version": "HTTP/1.1",
    "headers": [
      [
        "Host",
        "example.com"
      ]
    ],
    "body": null
  },
  {
    "uri": {
      "start": {
        "index": 6,
        "line": 1,
        "column": 7
      },
      "end": {
        "index": 7,
        "line": 1,
        "column": 8
      }
    },
    "method": {
      "start": {
        "index": 0,
        "line": 1,
        "column": 1
      },
      "end": {
        "index": 5,
        "line": 1,
        "column": 6
      }
    },
    "http_version": {
      "start": {
        "index": 8,
        "line": 1,
        "column": 9
      },
      "end": {
        "index": 16,
        "line": 1,
        "column": 17
      }
    },
    "headers": [
      {
        "start": {
          "index": 18,
          "line": 2,
          "column": 1
        },
        "end": {
          "index": 35,
          "line": 2,
          "column": 18
        }
      }
    ],
    "body": null
  }
]
